2023-08-05 16:27:20.165  INFO 14000 --- [restartedMain] c.e.ArtGallery.ArtGalleryApplication     : Starting ArtGalleryApplication using Java 17.0.7 with PID 14000 (C:\IT\ArtGallery\build\classes\java\main started by san31 in C:\IT\ArtGallery)
2023-08-05 16:27:20.173  INFO 14000 --- [restartedMain] c.e.ArtGallery.ArtGalleryApplication     : The following 1 profile is active: "secure"
2023-08-05 16:27:20.524  INFO 14000 --- [restartedMain] .e.DevToolsPropertyDefaultsPostProcessor : Devtools property defaults active! Set 'spring.devtools.add-properties' to 'false' to disable
2023-08-05 16:27:20.525  INFO 14000 --- [restartedMain] .e.DevToolsPropertyDefaultsPostProcessor : For additional web related logging consider setting the 'logging.level.web' property to 'DEBUG'
2023-08-05 16:27:23.957  INFO 14000 --- [restartedMain] .s.d.r.c.RepositoryConfigurationDelegate : Bootstrapping Spring Data JPA repositories in DEFAULT mode.
2023-08-05 16:27:24.089  INFO 14000 --- [restartedMain] .s.d.r.c.RepositoryConfigurationDelegate : Finished Spring Data repository scanning in 120 ms. Found 7 JPA repository interfaces.
2023-08-05 16:27:25.194  INFO 14000 --- [restartedMain] o.s.b.w.embedded.tomcat.TomcatWebServer  : Tomcat initialized with port(s): 8911 (http)
2023-08-05 16:27:25.207  INFO 14000 --- [restartedMain] o.apache.catalina.core.StandardService   : Starting service [Tomcat]
2023-08-05 16:27:25.208  INFO 14000 --- [restartedMain] o.apache.catalina.core.StandardEngine    : Starting Servlet engine: [Apache Tomcat/10.1.10]
2023-08-05 16:27:25.324  INFO 14000 --- [restartedMain] o.a.c.c.C.[Tomcat].[localhost].[/]       : Initializing Spring embedded WebApplicationContext
2023-08-05 16:27:25.325  INFO 14000 --- [restartedMain] w.s.c.ServletWebServerApplicationContext : Root WebApplicationContext: initialization completed in 4799 ms
2023-08-05 16:27:25.363  INFO 14000 --- [restartedMain] com.zaxxer.hikari.HikariDataSource       : HikariPool-1 - Starting...
2023-08-05 16:27:25.799  INFO 14000 --- [restartedMain] com.zaxxer.hikari.pool.HikariPool        : HikariPool-1 - Added connection conn0: url=jdbc:h2:C:/IT/DB/test user=SA
2023-08-05 16:27:25.802  INFO 14000 --- [restartedMain] com.zaxxer.hikari.HikariDataSource       : HikariPool-1 - Start completed.
2023-08-05 16:27:25.816  INFO 14000 --- [restartedMain] o.s.b.a.h2.H2ConsoleAutoConfiguration    : H2 console available at '/h2-console'. Database available at 'jdbc:h2:C:/IT/DB/test'
2023-08-05 16:27:26.039  INFO 14000 --- [restartedMain] o.hibernate.jpa.internal.util.LogHelper  : HHH000204: Processing PersistenceUnitInfo [name: default]
2023-08-05 16:27:26.148  INFO 14000 --- [restartedMain] org.hibernate.Version                    : HHH000412: Hibernate ORM core version 6.2.5.Final
2023-08-05 16:27:26.152  INFO 14000 --- [restartedMain] org.hibernate.cfg.Environment            : HHH000406: Using bytecode reflection optimizer
2023-08-05 16:27:26.391  INFO 14000 --- [restartedMain] o.h.b.i.BytecodeProviderInitiator        : HHH000021: Bytecode provider name : bytebuddy
2023-08-05 16:27:26.617  INFO 14000 --- [restartedMain] o.s.o.j.p.SpringPersistenceUnitInfo      : No LoadTimeWeaver setup: ignoring JPA class transformer
2023-08-05 16:27:27.080  INFO 14000 --- [restartedMain] o.h.b.i.BytecodeProviderInitiator        : HHH000021: Bytecode provider name : bytebuddy
2023-08-05 16:27:28.225  INFO 14000 --- [restartedMain] o.h.e.t.j.p.i.JtaPlatformInitiator       : HHH000490: Using JtaPlatform implementation: [org.hibernate.engine.transaction.jta.platform.internal.NoJtaPlatform]
2023-08-05 16:27:28.304  INFO 14000 --- [restartedMain] j.LocalContainerEntityManagerFactoryBean : Initialized JPA EntityManagerFactory for persistence unit 'default'
2023-08-05 16:27:28.757  WARN 14000 --- [restartedMain] ocalVariableTableParameterNameDiscoverer : Using deprecated '-debug' fallback for parameter name resolution. Compile the affected code with '-parameters' instead or avoid its introspection: com.example.ArtGallery.user.UserRepository
2023-08-05 16:27:28.913  WARN 14000 --- [restartedMain] ocalVariableTableParameterNameDiscoverer : Using deprecated '-debug' fallback for parameter name resolution. Compile the affected code with '-parameters' instead or avoid its introspection: com.example.ArtGallery.article.post.PostRepository
2023-08-05 16:27:28.971  WARN 14000 --- [restartedMain] ocalVariableTableParameterNameDiscoverer : Using deprecated '-debug' fallback for parameter name resolution. Compile the affected code with '-parameters' instead or avoid its introspection: com.example.ArtGallery.article.post.PurchaseRepository
2023-08-05 16:27:29.097  WARN 14000 --- [restartedMain] ocalVariableTableParameterNameDiscoverer : Using deprecated '-debug' fallback for parameter name resolution. Compile the affected code with '-parameters' instead or avoid its introspection: com.example.ArtGallery.article.hashtag.HashtagRepository
2023-08-05 16:27:29.135  WARN 14000 --- [restartedMain] ocalVariableTableParameterNameDiscoverer : Using deprecated '-debug' fallback for parameter name resolution. Compile the affected code with '-parameters' instead or avoid its introspection: com.example.ArtGallery.follow.FollowRepository
2023-08-05 16:27:29.340  WARN 14000 --- [restartedMain] JpaBaseConfiguration$JpaWebConfiguration : spring.jpa.open-in-view is enabled by default. Therefore, database queries may be performed during view rendering. Explicitly configure spring.jpa.open-in-view to disable this warning
2023-08-05 16:27:29.489  INFO 14000 --- [restartedMain] o.s.b.a.w.s.WelcomePageHandlerMapping    : Adding welcome page template: index
2023-08-05 16:27:29.844  INFO 14000 --- [restartedMain] o.s.s.web.DefaultSecurityFilterChain     : Will secure any request with [org.springframework.security.web.session.DisableEncodeUrlFilter@4ecdcbfd, org.springframework.security.web.context.request.async.WebAsyncManagerIntegrationFilter@31b14933, org.springframework.security.web.context.SecurityContextHolderFilter@2fcd963b, org.springframework.security.web.header.HeaderWriterFilter@26ed48e7, org.springframework.security.web.csrf.CsrfFilter@461d3b0a, org.springframework.security.web.authentication.logout.LogoutFilter@140f1f58, org.springframework.security.oauth2.client.web.OAuth2AuthorizationRequestRedirectFilter@147a7114, org.springframework.security.oauth2.client.web.OAuth2LoginAuthenticationFilter@15608c54, org.springframework.security.web.authentication.UsernamePasswordAuthenticationFilter@38c68d6e, org.springframework.security.web.authentication.ui.DefaultLoginPageGeneratingFilter@16a5779e, org.springframework.security.web.authentication.ui.DefaultLogoutPageGeneratingFilter@2022717d, org.springframework.security.web.savedrequest.RequestCacheAwareFilter@35691d11, org.springframework.security.web.servletapi.SecurityContextHolderAwareRequestFilter@2b834db1, org.springframework.security.web.authentication.AnonymousAuthenticationFilter@5f619c11, org.springframework.security.web.access.ExceptionTranslationFilter@34bdee8a, org.springframework.security.web.access.intercept.FilterSecurityInterceptor@2580b8bd]
2023-08-05 16:27:30.426  INFO 14000 --- [restartedMain] o.s.b.d.a.OptionalLiveReloadServer       : LiveReload server is running on port 35729
2023-08-05 16:27:30.476  INFO 14000 --- [restartedMain] o.s.b.w.embedded.tomcat.TomcatWebServer  : Tomcat started on port(s): 8911 (http) with context path ''
2023-08-05 16:27:30.511  INFO 14000 --- [restartedMain] c.e.ArtGallery.ArtGalleryApplication     : Started ArtGalleryApplication in 11.019 seconds (process running for 13.643)
2023-08-05 16:28:09.377  INFO 14000 --- [http-nio-8911-exec-1] o.a.c.c.C.[Tomcat].[localhost].[/]       : Initializing Spring DispatcherServlet 'dispatcherServlet'
2023-08-05 16:28:09.377  INFO 14000 --- [http-nio-8911-exec-1] o.s.web.servlet.DispatcherServlet        : Initializing Servlet 'dispatcherServlet'
2023-08-05 16:28:09.378  INFO 14000 --- [http-nio-8911-exec-1] o.s.web.servlet.DispatcherServlet        : Completed initialization in 1 ms
2023-08-05 16:29:16.691  WARN 14000 --- [http-nio-8911-exec-2] ocalVariableTableParameterNameDiscoverer : Using deprecated '-debug' fallback for parameter name resolution. Compile the affected code with '-parameters' instead or avoid its introspection: com.example.ArtGallery.article.post.PostController
2023-08-05 16:29:16.695  WARN 14000 --- [http-nio-8911-exec-9] ocalVariableTableParameterNameDiscoverer : Using deprecated '-debug' fallback for parameter name resolution. Compile the affected code with '-parameters' instead or avoid its introspection: com.example.ArtGallery.article.ArticleController
2023-08-05 16:29:20.588  WARN 14000 --- [http-nio-8911-exec-7] ocalVariableTableParameterNameDiscoverer : Using deprecated '-debug' fallback for parameter name resolution. Compile the affected code with '-parameters' instead or avoid its introspection: com.example.ArtGallery.follow.FollowController
2023-08-05 21:05:37.233  INFO 14000 --- [SpringApplicationShutdownHook] j.LocalContainerEntityManagerFactoryBean : Closing JPA EntityManagerFactory for persistence unit 'default'
2023-08-05 21:05:37.239  INFO 14000 --- [SpringApplicationShutdownHook] com.zaxxer.hikari.HikariDataSource       : HikariPool-1 - Shutdown initiated...
2023-08-05 21:05:37.248  INFO 14000 --- [SpringApplicationShutdownHook] com.zaxxer.hikari.HikariDataSource       : HikariPool-1 - Shutdown completed.
